<?xml version="1.0" encoding="UTF-8"?>
<testsuites name="Mocha Tests" time="8.922" tests="5" failures="0">
  <testsuite name="Root Suite" timestamp="2026-07-26T15:38:42" tests="5" file="cypress/e2e/workingWithAPIs.cy.js" time="8.921" failures="0">
    <testcase name="first test" time="1.371" classname="first test">
    </testcase>
    <testcase name="modify api response" time="1.618" classname="modify api response">
    </testcase>
    <testcase name="waiting for apis" time="1.339" classname="waiting for apis">
    </testcase>
    <testcase name="delete article" time="3.055" classname="delete article">
    </testcase>
    <testcase name="api testing" time="1.444" classname="api testing">
    </testcase>
  </testsuite>
</testsuites>