<?xml version="1.0" encoding="UTF-8"?>
<testsuites name="Mocha Tests" time="6.177" tests="4" failures="0">
  <testsuite name="Root Suite" timestamp="2026-07-26T16:01:07" tests="4" file="cypress\e2e\data-driven.cy.js" time="6.177" failures="0">
    <testcase name="first test 12" time="2.947" classname="first test 12">
    </testcase>
    <testcase name="first test 123" time="0.907" classname="first test 123">
    </testcase>
    <testcase name="first test 12345678901234567890" time="1.113" classname="first test 12345678901234567890">
    </testcase>
    <testcase name="first test 123456789012345678901" time="1.142" classname="first test 123456789012345678901">
    </testcase>
  </testsuite>
</testsuites>