<?xml version="1.0" encoding="UTF-8"?>
<testsuites name="Mocha Tests" time="5.306" tests="4" failures="0">
  <testsuite name="Root Suite" timestamp="2026-07-26T15:38:35" tests="4" file="cypress/e2e/data-driven.cy.js" time="5.305" failures="0">
    <testcase name="first test 12" time="2.269" classname="first test 12">
    </testcase>
    <testcase name="first test 123" time="0.847" classname="first test 123">
    </testcase>
    <testcase name="first test 12345678901234567890" time="1.039" classname="first test 12345678901234567890">
    </testcase>
    <testcase name="first test 123456789012345678901" time="1.070" classname="first test 123456789012345678901">
    </testcase>
  </testsuite>
</testsuites>