<?xml version="1.0" encoding="UTF-8"?>
<testsuites name="Mocha Tests" time="6.192" tests="4" failures="0">
  <testsuite name="Root Suite" timestamp="2026-07-26T15:58:00" tests="4" file="cypress\e2e\data-driven.cy.js" time="6.192" failures="0">
    <testcase name="first test 12" time="2.908" classname="first test 12">
    </testcase>
    <testcase name="first test 123" time="0.920" classname="first test 123">
    </testcase>
    <testcase name="first test 12345678901234567890" time="1.155" classname="first test 12345678901234567890">
    </testcase>
    <testcase name="first test 123456789012345678901" time="1.141" classname="first test 123456789012345678901">
    </testcase>
  </testsuite>
</testsuites>