<?xml version="1.0" encoding="UTF-8"?>
<testsuites name="Mocha Tests" time="9.565" tests="5" failures="0">
  <testsuite name="Root Suite" timestamp="2026-07-26T16:14:28" tests="5" file="cypress\e2e\workingWithAPIs.cy.js" time="9.564" failures="0">
    <testcase name="first test" time="1.276" classname="first test">
    </testcase>
    <testcase name="modify api response" time="2.005" classname="modify api response">
    </testcase>
    <testcase name="waiting for apis" time="1.537" classname="waiting for apis">
    </testcase>
    <testcase name="delete article" time="3.160" classname="delete article">
    </testcase>
    <testcase name="api testing" time="1.515" classname="api testing">
    </testcase>
  </testsuite>
</testsuites>